<?xml version="1.0" encoding="UTF-8" ?>
<testsuite errors="1" failures="0" hostname="James-XPS" name="LotteryTest" tests="1" time="0.0" timestamp="2016-11-15T16:14:59">
  <properties>
[...]
</properties>
  <error message="LotteryTest" type="java.lang.ClassNotFoundException">java.lang.ClassNotFoundException: LotteryTest
	at java.lang.ClassLoader.loadClass(ClassLoader.java:358)
	at java.lang.Class.forName0(Native Method)
	at java.lang.Class.forName(Class.java:274)
	at org.eclipse.ant.internal.launching.remote.EclipseDefaultExecutor.executeTargets(EclipseDefaultExecutor.java:32)
	at org.eclipse.ant.internal.launching.remote.InternalAntRunner.run(InternalAntRunner.java:424)
	at org.eclipse.ant.internal.launching.remote.InternalAntRunner.main(InternalAntRunner.java:138)
</error>
  <system-out><![CDATA[]]></system-out>
  <system-err><![CDATA[]]></system-err>
</testsuite>
